0 info it worked if it ends with ok
1 verbose cli [ 'C:\\Program Files\\nodejs\\\\node.exe',
1 verbose cli   'C:\\Program Files\\nodejs\\node_modules\\npm\\bin\\npm-cli.js',
1 verbose cli   'run',
1 verbose cli   'coveralls' ]
2 info using npm@1.4.14
3 info using node@v0.10.29
4 verbose node symlink C:\Program Files\nodejs\\node.exe
5 verbose run-script [ 'precoveralls', 'coveralls', 'postcoveralls' ]
6 info precoveralls htify@0.0.3
7 info coveralls htify@0.0.3
8 verbose unsafe-perm in lifecycle true
9 info htify@0.0.3 Failed to exec coveralls script
10 error htify@0.0.3 coveralls: `jscoverage lib && nodeunit --reporter=lcov test | coveralls`
10 error Exit status 8
11 error Failed at the htify@0.0.3 coveralls script.
11 error This is most likely a problem with the htify package,
11 error not with npm itself.
11 error Tell the author that this fails on your system:
11 error     jscoverage lib && nodeunit --reporter=lcov test | coveralls
11 error You can get their info via:
11 error     npm owner ls htify
11 error There is likely additional logging output above.
12 error System Windows_NT 6.2.9200
13 error command "C:\\Program Files\\nodejs\\\\node.exe" "C:\\Program Files\\nodejs\\node_modules\\npm\\bin\\npm-cli.js" "run" "coveralls"
14 error cwd B:\prog\nodejs\node-htify
15 error node -v v0.10.29
16 error npm -v 1.4.14
17 error code ELIFECYCLE
18 verbose exit [ 1, true ]
